#
# An unexpected error has been detected by Java Runtime Environment:
#
#  EXCEPTION_ACCESS_VIOLATION (0xc0000005) at pc=0x6d88613b, pid=1112, tid=456
#
# Java VM: Java HotSpot(TM) Client VM (1.6.0_02-b06 mixed mode)
# Problematic frame:
# V  [jvm.dll+0xc613b]
#
# If you would like to submit a bug report, please visit:
#   http://java.sun.com/webapps/bugreport/crash.jsp
#

---------------  T H R E A D  ---------------

Current thread (0x0aa90c00):  JavaThread "JDWP Transport Listener: dt_socket" daemon [_thread_in_vm, id=456]

siginfo: ExceptionCode=0xc0000005, reading address 0x00000021

Registers:
EAX=0x0696c5d0, EBX=0x6d422e00, ECX=0x00000001, EDX=0x00000020
ESP=0x0ad0fa74, EBP=0x6d41e114, ESI=0x0aaa0710, EDI=0x0aa90c00
EIP=0x6d88613b, EFLAGS=0x00010202

Top of Stack: (sp=0x0ad0fa74)
0x0ad0fa74:   6d41e0fc 0aa90cec 6d422ee8 6d41b309
0x0ad0fa84:   0aa90cec 0aaa0710 0038f6a8 00000000
0x0ad0fa94:   6d41e55c 0ad0fad8 6d41e0fc 6d406130
0x0ad0faa4:   0aa90cec 0aaa0710 0ad0fae8 0ad0fc84
0x0ad0fab4:   6d422b10 00000098 00000000 00000001
0x0ad0fac4:   0af23200 00000000 0af26f34 0aaa0710
0x0ad0fad4:   0aa90cec 0ad0fc84 6d40ba20 0ad0fc54
0x0ad0fae4:   0ad0faf4 6d41e830 6d284014 6d422bd0 

Instructions: (pc=0x6d88613b)
0x6d88612b:   ff 83 c4 04 85 c0 74 2a 8b 0e 8b 49 04 8b 50 10
0x6d88613b:   8b 34 0a 83 c1 08 3b f0 75 04 b0 01 eb 0f 83 fa 


Stack: [0x0acc0000,0x0ad10000),  sp=0x0ad0fa74,  free space=318k
Native frames: (J=compiled Java code, j=interpreted, Vv=VM code, C=native code)
V  [jvm.dll+0xc613b]


---------------  P R O C E S S  ---------------

Java Threads: ( => current thread )
  0x0af29400 JavaThread "Image Fetcher 2" daemon [_thread_in_vm, id=3528]
  0x0af28800 JavaThread "Image Fetcher 1" daemon [_thread_blocked, id=3976]
  0x0af27c00 JavaThread "Image Fetcher 0" daemon [_thread_blocked, id=3972]
  0x0af1b400 JavaThread "AWT-EventQueue-0" [_thread_blocked, id=3572]
  0x0af09400 JavaThread "AWT-EventQueue-0" [_thread_blocked, id=3672]
  0x0aeb6800 JavaThread "AWT-Windows" daemon [_thread_in_native, id=3484]
  0x0aeb5800 JavaThread "AWT-Shutdown" [_thread_blocked, id=3876]
  0x0aeb1800 JavaThread "Java2D Disposer" daemon [_thread_blocked, id=3504]
  0x0aaa2000 JavaThread "Low Memory Detector" daemon [_thread_blocked, id=372]
  0x0aaa1400 JavaThread "CompilerThread0" daemon [_thread_blocked, id=3092]
  0x0aa9d800 JavaThread "JDWP Command Reader" daemon [_thread_in_native, id=3984]
  0x0aa92c00 JavaThread "JDWP Event Helper Thread" daemon [_thread_blocked, id=784]
=>0x0aa90c00 JavaThread "JDWP Transport Listener: dt_socket" daemon [_thread_in_vm, id=456]
  0x0aa85c00 JavaThread "Attach Listener" daemon [_thread_blocked, id=3268]
  0x0aa85000 JavaThread "Signal Dispatcher" daemon [_thread_blocked, id=3048]
  0x0aa77000 JavaThread "Finalizer" daemon [_thread_blocked, id=1776]
  0x0aa72c00 JavaThread "Reference Handler" daemon [_thread_blocked, id=3416]
  0x00386400 JavaThread "main" [_thread_blocked, id=448]

Other Threads:
  0x0aa6e400 VMThread [id=976]
  0x0aaa3800 WatcherThread [id=3956]

VM state:not at safepoint (normal execution)

VM Mutex/Monitor currently owned by a thread:  ([mutex/lock_event])
[0x00385198/0x0000271c] Threads_lock - owner thread: 0x0af29400

Heap
 def new generation   total 960K, used 92K [0x02960000, 0x02a60000, 0x02e40000)
  eden space 896K,  10% used [0x02960000, 0x02977130, 0x02a40000)
  from space 64K,   0% used [0x02a40000, 0x02a40000, 0x02a50000)
  to   space 64K,   0% used [0x02a50000, 0x02a50000, 0x02a60000)
 tenured generation   total 4096K, used 3628K [0x02e40000, 0x03240000, 0x06960000)
   the space 4096K,  88% used [0x02e40000, 0x031cb380, 0x031cb400, 0x03240000)
 compacting perm gen  total 12288K, used 6287K [0x06960000, 0x07560000, 0x0a960000)
   the space 12288K,  51% used [0x06960000, 0x06f83fc0, 0x06f84000, 0x07560000)
No shared spaces configured.

Dynamic libraries:
0x00400000 - 0x00423000 	C:\Program Files\Java\jre1.6.0_02\bin\javaw.exe
0x7c900000 - 0x7c9b0000 	C:\WINDOWS\system32\ntdll.dll
0x7c800000 - 0x7c8f5000 	C:\WINDOWS\system32\kernel32.dll
0x77dd0000 - 0x77e6b000 	C:\WINDOWS\system32\ADVAPI32.dll
0x77e70000 - 0x77f01000 	C:\WINDOWS\system32\RPCRT4.dll
0x7e410000 - 0x7e4a0000 	C:\WINDOWS\system32\USER32.dll
0x77f10000 - 0x77f57000 	C:\WINDOWS\system32\GDI32.dll
0x76390000 - 0x763ad000 	C:\WINDOWS\system32\IMM32.DLL
0x7c340000 - 0x7c396000 	C:\Program Files\Java\jre1.6.0_02\bin\msvcr71.dll
0x6d7c0000 - 0x6da09000 	C:\Program Files\Java\jre1.6.0_02\bin\client\jvm.dll
0x76b40000 - 0x76b6d000 	C:\WINDOWS\system32\WINMM.dll
0x6d310000 - 0x6d318000 	C:\Program Files\Java\jre1.6.0_02\bin\hpi.dll
0x76bf0000 - 0x76bfb000 	C:\WINDOWS\system32\PSAPI.DLL
0x6d400000 - 0x6d429000 	C:\Program Files\Java\jre1.6.0_02\bin\jdwp.dll
0x6d6c0000 - 0x6d6c6000 	C:\Program Files\Java\jre1.6.0_02\bin\npt.dll
0x6d770000 - 0x6d77c000 	C:\Program Files\Java\jre1.6.0_02\bin\verify.dll
0x6d3b0000 - 0x6d3cf000 	C:\Program Files\Java\jre1.6.0_02\bin\java.dll
0x6d7b0000 - 0x6d7bf000 	C:\Program Files\Java\jre1.6.0_02\bin\zip.dll
0x6d280000 - 0x6d287000 	C:\Program Files\Java\jre1.6.0_02\bin\dt_socket.dll
0x71ab0000 - 0x71ac7000 	C:\WINDOWS\system32\WS2_32.dll
0x77c10000 - 0x77c68000 	C:\WINDOWS\system32\msvcrt.dll
0x71aa0000 - 0x71aa8000 	C:\WINDOWS\system32\WS2HELP.dll
0x71a50000 - 0x71a8f000 	C:\WINDOWS\System32\mswsock.dll
0x76f20000 - 0x76f47000 	C:\WINDOWS\system32\DNSAPI.dll
0x76d60000 - 0x76d79000 	C:\WINDOWS\system32\iphlpapi.dll
0x76fb0000 - 0x76fb8000 	C:\WINDOWS\System32\winrnr.dll
0x76f60000 - 0x76f8c000 	C:\WINDOWS\system32\WLDAP32.dll
0x76fc0000 - 0x76fc6000 	C:\WINDOWS\system32\rasadhlp.dll
0x662b0000 - 0x66308000 	C:\WINDOWS\system32\hnetcfg.dll
0x71a90000 - 0x71a98000 	C:\WINDOWS\System32\wshtcpip.dll
0x6d000000 - 0x6d1c3000 	C:\Program Files\Java\jre1.6.0_02\bin\awt.dll
0x73000000 - 0x73026000 	C:\WINDOWS\system32\WINSPOOL.DRV
0x774e0000 - 0x7761d000 	C:\WINDOWS\system32\ole32.dll
0x73760000 - 0x737a9000 	C:\WINDOWS\system32\ddraw.dll
0x73bc0000 - 0x73bc6000 	C:\WINDOWS\system32\DCIMAN32.dll
0x6d2b0000 - 0x6d303000 	C:\Program Files\Java\jre1.6.0_02\bin\fontmanager.dll
0x74720000 - 0x7476b000 	C:\WINDOWS\system32\MSCTF.dll
0x755c0000 - 0x755ee000 	C:\WINDOWS\system32\msctfime.ime
0x7c9c0000 - 0x7d1d7000 	C:\WINDOWS\system32\shell32.dll
0x77f60000 - 0x77fd6000 	C:\WINDOWS\system32\SHLWAPI.dll
0x773d0000 - 0x774d3000 	C:\WINDOWS\WinSxS\x86_Microsoft.Windows.Common-Controls_6595b64144ccf1df_6.0.2600.2982_x-ww_ac3f9c03\comctl32.dll
0x5d090000 - 0x5d12a000 	C:\WINDOWS\system32\comctl32.dll
0x73940000 - 0x73a10000 	C:\WINDOWS\system32\D3DIM700.DLL
0x77120000 - 0x771ab000 	C:\WINDOWS\system32\OLEAUT32.DLL

VM Arguments:
jvm_args: -Djava.library.path=C:\Dev\MHFramework\mhframework -agentlib:jdwp=transport=dt_socket,suspend=y,address=localhost:1035
java_command: CornShark
Launcher Type: SUN_STANDARD

Environment Variables:
CLASSPATH=.;C:\Program Files\Java\jre1.5.0_07\lib\ext\QTJava.zip
PATH=C:\Program Files\Java\jre1.6.0_03\bin\client;C:\Program Files\Java\jre1.6.0_03\bin;C:\WINDOWS\system32;C:\WINDOWS;C:\WINDOWS\System32\Wbem;C:\Program Files\ATI Technologies\ATI Control Panel;C:\Program Files\QuickTime\QTSystem\;C:\Program Files\Common Files\Autodesk Shared\
USERNAME=Michael
OS=Windows_NT
PROCESSOR_IDENTIFIER=x86 Family 15 Model 3 Stepping 4, GenuineIntel



---------------  S Y S T E M  ---------------

OS: Windows XP Build 2600 Service Pack 2

CPU:total 1 (1 cores per cpu, 1 threads per core) family 15 model 3 stepping 4, cmov, cx8, fxsr, mmx, sse, sse2, sse3

Memory: 4k page, physical 1244652k(607260k free), swap 2350232k(1852432k free)

vm_info: Java HotSpot(TM) Client VM (1.6.0_02-b06) for windows-x86, built on Jul 12 2007 01:16:14 by "java_re" with unknown MS VC++:1310

